<?xml version="1.0" encoding="UTF-8"?>
<!-- Generated by org.testng.reporters.JUnitXMLReporter -->
<testsuite ignored="4" hostname="DESKTOP-00QK6P4" failures="0" tests="8" name="All Workflows" time="10.106" errors="0" timestamp="2026-06-05T02:40:04 IDT">
  <testcase classname="Base.BaseTest" name="@BeforeMethod navigateToPage" time="0.001">
    <failure type="java.lang.NullPointerException" message="Cannot invoke &amp;quot;org.openqa.selenium.WebDriver.get(String)&amp;quot; because &amp;quot;this.driver&amp;quot; is null">
      <![CDATA[java.lang.NullPointerException: Cannot invoke "org.openqa.selenium.WebDriver.get(String)" because "this.driver" is null
at Base.BaseTest.navigateToPage(BaseTest.java:27)
at java.base/java.util.ArrayList.forEach(ArrayList.java:1596)
... Removed 29 stack frames]]>
    </failure>
  </testcase> <!-- @BeforeMethod navigateToPage -->
  <testcase classname="Base.BaseTest" name="@BeforeMethod navigateToPage" time="0.0">
    <skipped/>
  </testcase> <!-- @BeforeMethod navigateToPage -->
  <testcase classname="Base.BaseTest" name="@BeforeMethod navigateToPage" time="0.001">
    <failure type="java.lang.NullPointerException" message="Cannot invoke &amp;quot;org.openqa.selenium.WebDriver.get(String)&amp;quot; because &amp;quot;this.driver&amp;quot; is null">
      <![CDATA[java.lang.NullPointerException: Cannot invoke "org.openqa.selenium.WebDriver.get(String)" because "this.driver" is null
at Base.BaseTest.navigateToPage(BaseTest.java:27)
at java.base/java.util.ArrayList.forEach(ArrayList.java:1596)
... Removed 29 stack frames]]>
    </failure>
  </testcase> <!-- @BeforeMethod navigateToPage -->
  <testcase classname="Base.BaseTest" name="@BeforeMethod navigateToPage" time="0.0">
    <skipped/>
  </testcase> <!-- @BeforeMethod navigateToPage -->
  <testcase classname="Base.BaseTest" name="@BeforeMethod navigateToPage" time="0.0">
    <skipped/>
  </testcase> <!-- @BeforeMethod navigateToPage -->
  <testcase classname="Tests.CartTest" name="addProductToCartFrompageproduct" time="2.488"/>
  <testcase classname="Tests.CartTest" name="addProductToCartnextSearch" time="1.859"/>
  <testcase classname="Tests.CartTest" name="addProductToCartFromHomePage" time="1.131"/>
  <testcase classname="Tests.SearchTest" name="ValidSearchproduct" time="0.0">
    <skipped/>
  </testcase> <!-- ValidSearchproduct -->
  <testcase classname="Tests.SearchTest" name="SearchingunfoundProduct" time="0.0">
    <skipped/>
  </testcase> <!-- SearchingunfoundProduct -->
  <testcase classname="Tests.WishListTest" name="ValidAddingtoWishList" time="0.0">
    <skipped/>
  </testcase> <!-- ValidAddingtoWishList -->
  <testcase classname="Tests.WishListTest" name="addinggiftwithoutemailtowishlist" time="0.0">
    <skipped/>
  </testcase> <!-- addinggiftwithoutemailtowishlist -->
  <testcase classname="Tests.WishListTest" name="verifyWishlistButtonPresence" time="0.0">
    <skipped/>
  </testcase> <!-- verifyWishlistButtonPresence -->
  <testcase classname="Base.BaseTest" name="@AfterTest tearDown" time="0.0">
    <ignored/>
  </testcase> <!-- @AfterTest tearDown -->
  <testcase classname="Base.BaseTest" name="@BeforeTest setup" time="0.0">
    <ignored/>
  </testcase> <!-- @BeforeTest setup -->
  <testcase classname="Base.BaseTest" name="@AfterTest tearDown" time="0.0">
    <ignored/>
  </testcase> <!-- @AfterTest tearDown -->
  <testcase classname="Base.BaseTest" name="@BeforeTest setup" time="0.0">
    <ignored/>
  </testcase> <!-- @BeforeTest setup -->
</testsuite> <!-- All Workflows -->
