<?xml version="1.0" encoding="UTF-8"?>
<!-- Generated by org.testng.reporters.JUnitXMLReporter -->
<testsuite ignored="0" hostname="DESKTOP-00QK6P4" failures="0" tests="3" name="Default test" time="10.136" errors="0" timestamp="2026-06-05T01:23:18 IDT">
  <testcase classname="Tests.CartTest" name="addProductToCartFrompageproduct" time="2.585"/>
  <testcase classname="Tests.CartTest" name="addProductToCartnextSearch" time="1.893"/>
  <testcase classname="Tests.CartTest" name="addProductToCartFromHomePage" time="1.136"/>
</testsuite> <!-- Default test -->
