<?xml version="1.0" encoding="UTF-8"?>
<!-- Generated by org.testng.reporters.JUnitXMLReporter -->
<testsuite ignored="3" hostname="DESKTOP-00QK6P4" failures="0" tests="1" name="Default test" time="7.478" errors="0" timestamp="2026-06-08T02:51:29 IDT">
  <testcase classname="Tests.WishListTest" name="removeProductFromWishlist" time="5.337"/>
  <testcase classname="Tests.WishListTest" name="verifyWishlistButtonPresence" time="0.0">
    <ignored/>
  </testcase> <!-- verifyWishlistButtonPresence -->
  <testcase classname="Tests.WishListTest" name="ValidAddingtoWishList" time="0.0">
    <ignored/>
  </testcase> <!-- ValidAddingtoWishList -->
  <testcase classname="Tests.WishListTest" name="addinggiftwithoutemailtowishlist" time="0.0">
    <ignored/>
  </testcase> <!-- addinggiftwithoutemailtowishlist -->
</testsuite> <!-- Default test -->
