<?xml version="1.0" encoding="UTF-8"?>
<!-- Generated by org.testng.reporters.JUnitXMLReporter -->
<testsuite ignored="2" hostname="DESKTOP-00QK6P4" failures="0" tests="3" name="Test" time="7.824" errors="0" timestamp="2026-06-04T02:50:08 IDT">
  <testcase classname="Base.BaseTest" name="@BeforeMethod navigateToPage" time="0.005">
    <failure type="java.lang.NullPointerException" message="Cannot invoke &amp;quot;org.openqa.selenium.WebDriver.get(String)&amp;quot; because &amp;quot;this.driver&amp;quot; is null">
      <![CDATA[java.lang.NullPointerException: Cannot invoke "org.openqa.selenium.WebDriver.get(String)" because "this.driver" is null
at Base.BaseTest.navigateToPage(BaseTest.java:27)
at java.base/java.util.ArrayList.forEach(ArrayList.java:1596)
... Removed 29 stack frames]]>
    </failure>
  </testcase> <!-- @BeforeMethod navigateToPage -->
  <testcase classname="Base.BaseTest" name="@BeforeMethod navigateToPage" time="0.0">
    <skipped/>
  </testcase> <!-- @BeforeMethod navigateToPage -->
  <testcase classname="Base.BaseTest" name="@BeforeMethod navigateToPage" time="0.0">
    <skipped/>
  </testcase> <!-- @BeforeMethod navigateToPage -->
  <testcase classname="Base.BaseTest" name="@AfterTest tearDown" time="0.0">
    <skipped/>
  </testcase> <!-- @AfterTest tearDown -->
  <testcase classname="Tests.LoginTest" name="validLoginTest1" time="0.002">
    <skipped/>
  </testcase> <!-- validLoginTest1 -->
  <testcase classname="Tests.LoginTest" name="invalidPasswordTest" time="0.0">
    <skipped/>
  </testcase> <!-- invalidPasswordTest -->
  <testcase classname="Tests.LoginTest" name="emptyCredentialsTest" time="0.0">
    <skipped/>
  </testcase> <!-- emptyCredentialsTest -->
  <testcase classname="Base.BaseTest" name="@BeforeTest setup" time="0.0">
    <ignored/>
  </testcase> <!-- @BeforeTest setup -->
  <testcase classname="Base.BaseTest" name="@AfterTest tearDown" time="0.0">
    <ignored/>
  </testcase> <!-- @AfterTest tearDown -->
</testsuite> <!-- Test -->
