<?xml version="1.0" encoding="UTF-8"?>
<testng-results ignored="0" total="3" passed="3" failed="0" skipped="0">
  <reporter-output>
  </reporter-output>
  <suite started-at="2026-06-05T01:23:08 IDT" name="Default suite" finished-at="2026-06-05T01:23:18 IDT" duration-ms="10136">
    <groups>
    </groups>
    <test started-at="2026-06-05T01:23:08 IDT" name="Default test" finished-at="2026-06-05T01:23:18 IDT" duration-ms="10136">
      <class name="Tests.CartTest">
        <test-method is-config="true" signature="setup()[pri:0, instance:Tests.CartTest@2cd76f31]" started-at="2026-06-05T01:23:08 IDT" name="setup" finished-at="2026-06-05T01:23:11 IDT" duration-ms="3142" status="PASS">
          <reporter-output>
          </reporter-output>
        </test-method> <!-- setup -->
        <test-method is-config="true" signature="navigateToPage()[pri:0, instance:Tests.CartTest@2cd76f31]" started-at="2026-06-05T01:23:11 IDT" name="navigateToPage" finished-at="2026-06-05T01:23:11 IDT" duration-ms="348" status="PASS">
          <reporter-output>
          </reporter-output>
        </test-method> <!-- navigateToPage -->
        <test-method signature="addProductToCartFrompageproduct()[pri:1, instance:Tests.CartTest@2cd76f31]" started-at="2026-06-05T01:23:11 IDT" name="addProductToCartFrompageproduct" finished-at="2026-06-05T01:23:14 IDT" duration-ms="2585" status="PASS">
          <reporter-output>
          </reporter-output>
        </test-method> <!-- addProductToCartFrompageproduct -->
        <test-method is-config="true" signature="navigateToPage()[pri:0, instance:Tests.CartTest@2cd76f31]" started-at="2026-06-05T01:23:14 IDT" name="navigateToPage" finished-at="2026-06-05T01:23:14 IDT" duration-ms="455" status="PASS">
          <reporter-output>
          </reporter-output>
        </test-method> <!-- navigateToPage -->
        <test-method signature="addProductToCartnextSearch()[pri:2, instance:Tests.CartTest@2cd76f31]" started-at="2026-06-05T01:23:14 IDT" name="addProductToCartnextSearch" finished-at="2026-06-05T01:23:16 IDT" duration-ms="1893" status="PASS">
          <reporter-output>
          </reporter-output>
        </test-method> <!-- addProductToCartnextSearch -->
        <test-method is-config="true" signature="navigateToPage()[pri:0, instance:Tests.CartTest@2cd76f31]" started-at="2026-06-05T01:23:16 IDT" name="navigateToPage" finished-at="2026-06-05T01:23:17 IDT" duration-ms="368" status="PASS">
          <reporter-output>
          </reporter-output>
        </test-method> <!-- navigateToPage -->
        <test-method signature="addProductToCartFromHomePage()[pri:3, instance:Tests.CartTest@2cd76f31]" started-at="2026-06-05T01:23:17 IDT" name="addProductToCartFromHomePage" finished-at="2026-06-05T01:23:18 IDT" duration-ms="1136" status="PASS">
          <reporter-output>
          </reporter-output>
        </test-method> <!-- addProductToCartFromHomePage -->
        <test-method is-config="true" signature="tearDown()[pri:0, instance:Tests.CartTest@2cd76f31]" started-at="2026-06-05T01:23:18 IDT" name="tearDown" finished-at="2026-06-05T01:23:18 IDT" duration-ms="155" status="PASS">
          <reporter-output>
          </reporter-output>
        </test-method> <!-- tearDown -->
      </class> <!-- Tests.CartTest -->
    </test> <!-- Default test -->
  </suite> <!-- Default suite -->
</testng-results>
