<?xml version="1.0" encoding="UTF-8"?>
<!-- Generated by org.testng.reporters.JUnitXMLReporter -->
<testsuite ignored="0" hostname="DESKTOP-00QK6P4" failures="1" tests="8" name="Authentication Tests" time="63.483" errors="0" timestamp="2026-06-05T05:06:10 IDT">
  <testcase classname="AuthTests.LoginTest" name="validLoginTest1" time="3.035"/>
  <testcase classname="AuthTests.LoginTest" name="invalidPasswordTest" time="2.959"/>
  <testcase classname="AuthTests.LoginTest" name="emptyCredentialsTest" time="2.838"/>
  <testcase classname="AuthTests.RegesterTest" name="validRegesterTest1" time="6.73"/>
  <testcase classname="AuthTests.RegesterTest" name="Regesterwithoutemail" time="5.164"/>
  <testcase classname="AuthTests.RegesterTest" name="Regesterwithoutpassword" time="4.864"/>
  <testcase classname="AuthTests.RegesterTest" name="Regesterwithoutconfirmpass" time="4.875"/>
  <testcase classname="AuthTests.RegesterTest" name="registerWithLongFirstName" time="4.894">
    <failure type="java.lang.AssertionError" message="expected [true] but found [false]">
      <![CDATA[java.lang.AssertionError: expected [true] but found [false]
at AuthTests.RegesterTest.registerWithLongFirstName(RegesterTest.java:78)
at java.base/java.util.ArrayList.forEach(ArrayList.java:1596)
... Removed 29 stack frames]]>
    </failure>
  </testcase> <!-- registerWithLongFirstName -->
</testsuite> <!-- Authentication Tests -->
