<?xml version="1.0" encoding="UTF-8"?>
<!-- Generated by org.testng.reporters.JUnitXMLReporter -->
<testsuite ignored="2" hostname="DESKTOP-00QK6P4" failures="1" tests="8" name="Authentication Tests" time="53.035" errors="0" timestamp="2026-06-08T02:49:03 IDT">
  <testcase classname="AuthTests.LoginTest" name="validLoginTest1" time="3.297"/>
  <testcase classname="AuthTests.LoginTest" name="invalidPasswordTest" time="1.45"/>
  <testcase classname="AuthTests.LoginTest" name="emptyCredentialsTest" time="1.491"/>
  <testcase classname="AuthTests.RegesterTest" name="invalidRegisterTest" time="2.033"/>
  <testcase classname="AuthTests.RegesterTest" name="invalidRegisterTest" time="1.933"/>
  <testcase classname="AuthTests.RegesterTest" name="invalidRegisterTest" time="1.966"/>
  <testcase classname="AuthTests.RegesterTest" name="validRegesterTest1" time="24.024"/>
  <testcase classname="AuthTests.RegesterTest" name="registerWithLongFirstName" time="10.268">
    <failure type="java.lang.AssertionError" message="expected [true] but found [false]">
      <![CDATA[java.lang.AssertionError: expected [true] but found [false]
at AuthTests.RegesterTest.registerWithLongFirstName(RegesterTest.java:90)
at java.base/java.util.ArrayList.forEach(ArrayList.java:1596)
... Removed 29 stack frames]]>
    </failure>
  </testcase> <!-- registerWithLongFirstName -->
  <testcase classname="Base.BaseTest" name="@AfterSuite tearDown" time="0.0">
    <ignored/>
  </testcase> <!-- @AfterSuite tearDown -->
  <testcase classname="Base.BaseTest" name="@BeforeSuite setup" time="0.0">
    <ignored/>
  </testcase> <!-- @BeforeSuite setup -->
</testsuite> <!-- Authentication Tests -->
