<?xml version="1.0" encoding="UTF-8"?>
<!-- Generated by org.testng.reporters.JUnitXMLReporter -->
<testsuite ignored="0" hostname="DESKTOP-00QK6P4" failures="1" tests="8" name="Shopping Workflow Tests" time="46.049" errors="0" timestamp="2026-06-05T03:11:48 IDT">
  <testcase classname="Tests.SearchTest" name="ValidSearchproduct" time="3.355"/>
  <testcase classname="Tests.SearchTest" name="SearchingunfoundProduct" time="3.724"/>
  <testcase classname="Tests.CartTest" name="addProductToCartFrompageproduct" time="2.388"/>
  <testcase classname="Tests.CartTest" name="addProductToCartnextSearch" time="1.877"/>
  <testcase classname="Tests.CartTest" name="addProductToCartFromHomePage" time="1.195"/>
  <testcase classname="Tests.WishListTest" name="ValidAddingtoWishList" time="5.059"/>
  <testcase classname="Tests.WishListTest" name="addinggiftwithoutemailtowishlist" time="3.971"/>
  <testcase classname="Tests.WishListTest" name="verifyWishlistButtonPresence" time="1.164">
    <failure type="java.lang.AssertionError" message="expected [true] but found [false]">
      <![CDATA[java.lang.AssertionError: expected [true] but found [false]
at Tests.WishListTest.verifyWishlistButtonPresence(WishListTest.java:58)
at java.base/java.util.ArrayList.forEach(ArrayList.java:1596)
... Removed 29 stack frames]]>
    </failure>
  </testcase> <!-- verifyWishlistButtonPresence -->
</testsuite> <!-- Shopping Workflow Tests -->
