<?xml version="1.0" encoding="UTF-8"?>
<!-- Generated by org.testng.reporters.JUnitXMLReporter -->
<testsuite ignored="4" hostname="DESKTOP-00QK6P4" failures="2" tests="8" name="Shopping Workflow Tests" time="37.597" errors="0" timestamp="2026-06-08T01:56:37 IDT">
  <testcase classname="Tests.SearchTest" name="ValidSearchproduct" time="6.825"/>
  <testcase classname="Tests.SearchTest" name="SearchingunfoundProduct" time="4.468"/>
  <testcase classname="Tests.CartTest" name="addProductToCartFrompageproduct" time="5.167"/>
  <testcase classname="Tests.CartTest" name="addProductToCartnextSearch" time="3.307"/>
  <testcase classname="Tests.CartTest" name="addProductToCartFromHomePage" time="1.56"/>
  <testcase classname="Tests.WishListTest" name="ValidAddingtoWishList" time="5.977">
    <failure type="java.lang.AssertionError" message="expected [The product has been added to your wishlist] but found [Enter valid sender email]">
      <![CDATA[java.lang.AssertionError: expected [The product has been added to your wishlist] but found [Enter valid sender email]
at Tests.WishListTest.ValidAddingtoWishList(WishListTest.java:23)
at java.base/java.util.ArrayList.forEach(ArrayList.java:1596)
... Removed 31 stack frames]]>
    </failure>
  </testcase> <!-- ValidAddingtoWishList -->
  <testcase classname="Tests.WishListTest" name="addinggiftwithoutemailtowishlist" time="4.796"/>
  <testcase classname="Tests.WishListTest" name="verifyWishlistButtonPresence" time="1.131">
    <failure type="java.lang.AssertionError" message="expected [true] but found [false]">
      <![CDATA[java.lang.AssertionError: expected [true] but found [false]
at Tests.WishListTest.verifyWishlistButtonPresence(WishListTest.java:58)
at java.base/java.util.ArrayList.forEach(ArrayList.java:1596)
... Removed 29 stack frames]]>
    </failure>
  </testcase> <!-- verifyWishlistButtonPresence -->
  <testcase classname="Base.BaseTest" name="@BeforeSuite setup" time="0.0">
    <ignored/>
  </testcase> <!-- @BeforeSuite setup -->
  <testcase classname="Base.BaseTest" name="@AfterSuite tearDown" time="0.0">
    <ignored/>
  </testcase> <!-- @AfterSuite tearDown -->
  <testcase classname="Base.BaseTest" name="@AfterSuite tearDown" time="0.0">
    <ignored/>
  </testcase> <!-- @AfterSuite tearDown -->
  <testcase classname="Base.BaseTest" name="@BeforeSuite setup" time="0.0">
    <ignored/>
  </testcase> <!-- @BeforeSuite setup -->
</testsuite> <!-- Shopping Workflow Tests -->
