<?xml version="1.0" encoding="UTF-8"?>
<!-- Generated by org.testng.reporters.JUnitReportReporter -->
<testsuite hostname="DESKTOP-00QK6P4" failures="0" tests="3" name="Tests.LoginTest" time="12.114" errors="0" timestamp="2026-06-04T03:01:22 IDT" skipped="0">
  <testcase classname="Tests.LoginTest" name="validLoginTest1" time="5.132"/>
  <testcase classname="Tests.LoginTest" name="invalidPasswordTest" time="3.586"/>
  <testcase classname="Tests.LoginTest" name="emptyCredentialsTest" time="3.396"/>
</testsuite> <!-- Tests.LoginTest -->
