<?xml version="1.0" encoding="UTF-8"?>
<!-- Generated by org.testng.reporters.JUnitReportReporter -->
<testsuite hostname="DESKTOP-00QK6P4" failures="0" tests="5" name="Tests.RegesterTest" time="14.148" errors="0" timestamp="2026-06-04T04:31:26 IDT" skipped="0">
  <testcase classname="Tests.RegesterTest" name="validRegesterTest1" time="4.127"/>
  <testcase classname="Tests.RegesterTest" name="Regesterwithoutemail" time="2.097"/>
  <testcase classname="Tests.RegesterTest" name="Regesterwithoutpassword" time="2.216"/>
  <testcase classname="Tests.RegesterTest" name="Regesterwithoutconfirmpass" time="2.391"/>
  <testcase classname="Tests.RegesterTest" name="registerWithLongFirstName" time="3.317"/>
</testsuite> <!-- Tests.RegesterTest -->
