<?xml version="1.0" encoding="UTF-8"?>
<!-- Generated by org.testng.reporters.JUnitReportReporter -->
<testsuite hostname="DESKTOP-00QK6P4" failures="0" tests="3" name="AuthTests.LoginTest" time="20.053" errors="0" timestamp="2026-06-05T03:11:48 IDT" skipped="0">
  <testcase classname="AuthTests.LoginTest" name="validLoginTest1" time="7.476"/>
  <testcase classname="AuthTests.LoginTest" name="invalidPasswordTest" time="6.632"/>
  <testcase classname="AuthTests.LoginTest" name="emptyCredentialsTest" time="5.945"/>
</testsuite> <!-- AuthTests.LoginTest -->
