<?xml version="1.0" encoding="UTF-8"?>
<!-- Generated by org.testng.reporters.JUnitReportReporter -->
<testsuite hostname="DESKTOP-00QK6P4" failures="0" tests="5" name="Tests.RegesterTest" time="13.288" errors="0" timestamp="2026-06-04T19:39:58 IDT" skipped="0">
  <testcase classname="Tests.RegesterTest" name="validRegesterTest1" time="4.056"/>
  <testcase classname="Tests.RegesterTest" name="Regesterwithoutemail" time="2.034"/>
  <testcase classname="Tests.RegesterTest" name="Regesterwithoutpassword" time="2.063"/>
  <testcase classname="Tests.RegesterTest" name="Regesterwithoutconfirmpass" time="2.109"/>
  <testcase classname="Tests.RegesterTest" name="registerWithLongFirstName" time="3.026"/>
</testsuite> <!-- Tests.RegesterTest -->
