<?xml version="1.0" encoding="UTF-8"?>
<!-- Generated by org.testng.reporters.JUnitReportReporter -->
<testsuite hostname="DESKTOP-00QK6P4" failures="0" tests="3" name="Tests.CartTest" time="18.638" errors="0" timestamp="2026-06-05T05:02:38 IDT" skipped="0">
  <testcase classname="Tests.CartTest" name="addProductToCartFrompageproduct" time="7.594"/>
  <testcase classname="Tests.CartTest" name="addProductToCartnextSearch" time="6.049"/>
  <testcase classname="Tests.CartTest" name="addProductToCartFromHomePage" time="4.995"/>
</testsuite> <!-- Tests.CartTest -->
