<?xml version="1.0" encoding="UTF-8"?>
<!-- Generated by org.testng.reporters.JUnitReportReporter -->
<testsuite hostname="DESKTOP-00QK6P4" failures="0" tests="3" name="Tests.CartTest" time="6.785" errors="0" timestamp="2026-06-05T01:23:18 IDT" skipped="0">
  <testcase classname="Tests.CartTest" name="addProductToCartFrompageproduct" time="2.933"/>
  <testcase classname="Tests.CartTest" name="addProductToCartnextSearch" time="2.261"/>
  <testcase classname="Tests.CartTest" name="addProductToCartFromHomePage" time="1.591"/>
</testsuite> <!-- Tests.CartTest -->
