<?xml version="1.0" encoding="UTF-8"?>
<!-- Generated by org.testng.reporters.JUnitReportReporter -->
<testsuite hostname="DESKTOP-00QK6P4" failures="0" tests="3" name="AuthTests.LoginTest" time="18.418" errors="0" timestamp="2026-06-05T05:06:59 IDT" skipped="0">
  <testcase classname="AuthTests.LoginTest" name="validLoginTest1" time="6.112"/>
  <testcase classname="AuthTests.LoginTest" name="invalidPasswordTest" time="6.489"/>
  <testcase classname="AuthTests.LoginTest" name="emptyCredentialsTest" time="5.817"/>
</testsuite> <!-- AuthTests.LoginTest -->
